[0.015s] Invoking command in '/home/ros_ws/src/wp4_plate_measurement_demonstrator/build/ur5_scan_path_service': CMAKE_PREFIX_PATH=/opt/ros/foxy /usr/bin/cmake /home/ros_ws/src/wp4_plate_measurement_demonstrator/src/ur5_scan_path_service -DCMAKE_INSTALL_PREFIX=/home/ros_ws/src/wp4_plate_measurement_demonstrator/install/ur5_scan_path_service
[0.117s] -- The C compiler identification is GNU 9.4.0
[0.209s] -- The CXX compiler identification is GNU 9.4.0
[0.215s] -- Check for working C compiler: /usr/bin/cc
[0.264s] -- Check for working C compiler: /usr/bin/cc -- works
[0.265s] -- Detecting C compiler ABI info
[0.316s] -- Detecting C compiler ABI info - done
[0.325s] -- Detecting C compile features
[0.326s] -- Detecting C compile features - done
[0.328s] -- Check for working CXX compiler: /usr/bin/c++
[0.383s] -- Check for working CXX compiler: /usr/bin/c++ -- works
[0.384s] -- Detecting CXX compiler ABI info
[0.440s] -- Detecting CXX compiler ABI info - done
[0.450s] -- Detecting CXX compile features
[0.450s] -- Detecting CXX compile features - done
[0.455s] -- Found ament_cmake: 0.9.11 (/opt/ros/foxy/share/ament_cmake/cmake)
[0.476s] -- Found PythonInterp: /usr/bin/python3 (found suitable version "3.8.10", minimum required is "3") 
[0.476s] -- Using PYTHON_EXECUTABLE: /usr/bin/python3
[0.639s] -- Found std_srvs: 2.0.5 (/opt/ros/foxy/share/std_srvs/cmake)
[0.667s] -- Using all available rosidl_typesupport_c: rosidl_typesupport_fastrtps_c;rosidl_typesupport_introspection_c
[0.675s] -- Found rosidl_adapter: 1.3.0 (/opt/ros/foxy/share/rosidl_adapter/cmake)
[0.742s] -- Found OpenSSL: /usr/lib/x86_64-linux-gnu/libcrypto.so (found version "1.1.1f")  
[0.766s] -- Found FastRTPS: /opt/ros/foxy/include  
[0.840s] -- Using all available rosidl_typesupport_cpp: rosidl_typesupport_fastrtps_cpp;rosidl_typesupport_introspection_cpp
[0.868s] -- Found geometry_msgs: 2.0.5 (/opt/ros/foxy/share/geometry_msgs/cmake)
[0.934s] -- Found rclcpp: 2.4.2 (/opt/ros/foxy/share/rclcpp/cmake)
[0.982s] -- Found rmw_implementation_cmake: 1.0.3 (/opt/ros/foxy/share/rmw_implementation_cmake/cmake)
[0.983s] -- Using RMW implementation 'rmw_fastrtps_cpp' as default
[0.985s] -- Looking for pthread.h
[1.039s] -- Looking for pthread.h - found
[1.039s] -- Performing Test CMAKE_HAVE_LIBC_PTHREAD
[1.094s] -- Performing Test CMAKE_HAVE_LIBC_PTHREAD - Failed
[1.095s] -- Looking for pthread_create in pthreads
[1.138s] -- Looking for pthread_create in pthreads - not found
[1.138s] -- Looking for pthread_create in pthread
[1.186s] -- Looking for pthread_create in pthread - found
[1.187s] -- Found Threads: TRUE  
[1.314s] -- Found ur_bringup: 2.0.2 (/opt/ros/foxy/share/ur_bringup/cmake)
[1.315s] -- Found moveit_core: 2.2.3 (/opt/ros/foxy/share/moveit_core/cmake)
[1.352s] -- Found Boost: /usr/lib/x86_64-linux-gnu/cmake/Boost-1.71.0/BoostConfig.cmake (found version "1.71.0") found components: chrono date_time filesystem iostreams program_options regex serialization system thread 
[1.369s] -- Found Boost: /usr/lib/x86_64-linux-gnu/cmake/Boost-1.71.0/BoostConfig.cmake (found version "1.71.0") found components: filesystem 
[1.448s] -- library: /usr/lib/x86_64-linux-gnu/libcurl.so
[1.601s] -- Found Eigen3: TRUE (found version "3.3.7") 
[3.143s] CMake Error at CMakeLists.txt:17 (find_package):
[3.143s]   By not providing "Findmoveit_servo.cmake" in CMAKE_MODULE_PATH this project
[3.143s]   has asked CMake to find a package configuration file provided by
[3.143s]   "moveit_servo", but CMake did not find one.
[3.143s] 
[3.143s]   Could not find a package configuration file provided by "moveit_servo" with
[3.143s]   any of the following names:
[3.143s] 
[3.143s]     moveit_servoConfig.cmake
[3.144s]     moveit_servo-config.cmake
[3.144s] 
[3.144s]   Add the installation prefix of "moveit_servo" to CMAKE_PREFIX_PATH or set
[3.144s]   "moveit_servo_DIR" to a directory containing one of the above files.  If
[3.144s]   "moveit_servo" provides a separate development package or SDK, be sure it
[3.144s]   has been installed.
[3.144s] 
[3.144s] 
[3.145s] -- Configuring incomplete, errors occurred!
[3.145s] See also "/home/ros_ws/src/wp4_plate_measurement_demonstrator/build/ur5_scan_path_service/CMakeFiles/CMakeOutput.log".
[3.145s] See also "/home/ros_ws/src/wp4_plate_measurement_demonstrator/build/ur5_scan_path_service/CMakeFiles/CMakeError.log".
[3.152s] Invoked command in '/home/ros_ws/src/wp4_plate_measurement_demonstrator/build/ur5_scan_path_service' returned '1': CMAKE_PREFIX_PATH=/opt/ros/foxy /usr/bin/cmake /home/ros_ws/src/wp4_plate_measurement_demonstrator/src/ur5_scan_path_service -DCMAKE_INSTALL_PREFIX=/home/ros_ws/src/wp4_plate_measurement_demonstrator/install/ur5_scan_path_service
