[0.021s] Invoking command in '/home/ros_ws/src/wp4_plate_measurement_demonstrator/build/ur5_scan_path_service': CMAKE_PREFIX_PATH=${CMAKE_PREFIX_PATH}:/opt/ros/foxy /usr/bin/cmake --build /home/ros_ws/src/wp4_plate_measurement_demonstrator/build/ur5_scan_path_service -- -j12 -l12
[0.058s] [35m[1mScanning dependencies of target ur5_scan_path_service[0m
[0.069s] [ 50%] Built target servo_keyboard_input
[0.117s] [ 75%] [32mBuilding CXX object CMakeFiles/ur5_scan_path_service.dir/src/ur5_scan_path_service.cpp.o[0m
[8.462s] [100%] [32m[1mLinking CXX executable ur5_scan_path_service[0m
[8.838s] [100%] Built target ur5_scan_path_service
[8.855s] Invoked command in '/home/ros_ws/src/wp4_plate_measurement_demonstrator/build/ur5_scan_path_service' returned '0': CMAKE_PREFIX_PATH=${CMAKE_PREFIX_PATH}:/opt/ros/foxy /usr/bin/cmake --build /home/ros_ws/src/wp4_plate_measurement_demonstrator/build/ur5_scan_path_service -- -j12 -l12
[8.883s] Invoking command in '/home/ros_ws/src/wp4_plate_measurement_demonstrator/build/ur5_scan_path_service': CMAKE_PREFIX_PATH=${CMAKE_PREFIX_PATH}:/opt/ros/foxy /usr/bin/cmake --install /home/ros_ws/src/wp4_plate_measurement_demonstrator/build/ur5_scan_path_service
[8.889s] -- Install configuration: ""
[8.889s] -- Execute custom install script
[8.890s] -- Up-to-date symlink: /home/ros_ws/src/wp4_plate_measurement_demonstrator/install/ur5_scan_path_service/lib/ur5_scan_path_service/ur5_scan_path_service
[8.890s] -- Up-to-date symlink: /home/ros_ws/src/wp4_plate_measurement_demonstrator/install/ur5_scan_path_service/lib/ur5_scan_path_service/servo_keyboard_input
[8.891s] -- Up-to-date symlink: /home/ros_ws/src/wp4_plate_measurement_demonstrator/install/ur5_scan_path_service/share/ur5_scan_path_service/config/moveit_servo.yaml
[8.891s] -- Up-to-date symlink: /home/ros_ws/src/wp4_plate_measurement_demonstrator/install/ur5_scan_path_service/share/ur5_scan_path_service/config/ur5.srdf
[8.891s] -- Up-to-date symlink: /home/ros_ws/src/wp4_plate_measurement_demonstrator/install/ur5_scan_path_service/share/ur5_scan_path_service/config/ur5.urdf
[8.891s] -- Up-to-date symlink: /home/ros_ws/src/wp4_plate_measurement_demonstrator/install/ur5_scan_path_service/share/ur5_scan_path_service/config/ur5_controllers.yaml
[8.892s] -- Up-to-date symlink: /home/ros_ws/src/wp4_plate_measurement_demonstrator/install/ur5_scan_path_service/share/ur5_scan_path_service/launch/sim_scan_service.launch.py
[8.892s] -- Up-to-date symlink: /home/ros_ws/src/wp4_plate_measurement_demonstrator/install/ur5_scan_path_service/share/ur5_scan_path_service/launch/test_scan_service.launch.py
[8.892s] -- Up-to-date symlink: /home/ros_ws/src/wp4_plate_measurement_demonstrator/install/ur5_scan_path_service/share/ament_index/resource_index/package_run_dependencies/ur5_scan_path_service
[8.893s] -- Up-to-date symlink: /home/ros_ws/src/wp4_plate_measurement_demonstrator/install/ur5_scan_path_service/share/ament_index/resource_index/parent_prefix_path/ur5_scan_path_service
[8.893s] -- Up-to-date symlink: /home/ros_ws/src/wp4_plate_measurement_demonstrator/install/ur5_scan_path_service/share/ur5_scan_path_service/environment/ament_prefix_path.sh
[8.893s] -- Up-to-date symlink: /home/ros_ws/src/wp4_plate_measurement_demonstrator/install/ur5_scan_path_service/share/ur5_scan_path_service/environment/ament_prefix_path.dsv
[8.894s] -- Up-to-date symlink: /home/ros_ws/src/wp4_plate_measurement_demonstrator/install/ur5_scan_path_service/share/ur5_scan_path_service/environment/path.sh
[8.894s] -- Up-to-date symlink: /home/ros_ws/src/wp4_plate_measurement_demonstrator/install/ur5_scan_path_service/share/ur5_scan_path_service/environment/path.dsv
[8.894s] -- Up-to-date symlink: /home/ros_ws/src/wp4_plate_measurement_demonstrator/install/ur5_scan_path_service/share/ur5_scan_path_service/local_setup.bash
[8.895s] -- Up-to-date symlink: /home/ros_ws/src/wp4_plate_measurement_demonstrator/install/ur5_scan_path_service/share/ur5_scan_path_service/local_setup.sh
[8.895s] -- Up-to-date symlink: /home/ros_ws/src/wp4_plate_measurement_demonstrator/install/ur5_scan_path_service/share/ur5_scan_path_service/local_setup.zsh
[8.895s] -- Up-to-date symlink: /home/ros_ws/src/wp4_plate_measurement_demonstrator/install/ur5_scan_path_service/share/ur5_scan_path_service/local_setup.dsv
[8.896s] -- Symlinking: /home/ros_ws/src/wp4_plate_measurement_demonstrator/install/ur5_scan_path_service/share/ur5_scan_path_service/package.dsv
[8.902s] -- Up-to-date symlink: /home/ros_ws/src/wp4_plate_measurement_demonstrator/install/ur5_scan_path_service/share/ament_index/resource_index/packages/ur5_scan_path_service
[8.903s] -- Up-to-date symlink: /home/ros_ws/src/wp4_plate_measurement_demonstrator/install/ur5_scan_path_service/share/ur5_scan_path_service/cmake/ur5_scan_path_serviceConfig.cmake
[8.903s] -- Up-to-date symlink: /home/ros_ws/src/wp4_plate_measurement_demonstrator/install/ur5_scan_path_service/share/ur5_scan_path_service/cmake/ur5_scan_path_serviceConfig-version.cmake
[8.903s] -- Up-to-date symlink: /home/ros_ws/src/wp4_plate_measurement_demonstrator/install/ur5_scan_path_service/share/ur5_scan_path_service/package.xml
[8.905s] Invoked command in '/home/ros_ws/src/wp4_plate_measurement_demonstrator/build/ur5_scan_path_service' returned '0': CMAKE_PREFIX_PATH=${CMAKE_PREFIX_PATH}:/opt/ros/foxy /usr/bin/cmake --install /home/ros_ws/src/wp4_plate_measurement_demonstrator/build/ur5_scan_path_service
