[0.017s] Invoking command in '/home/ros_ws/src/wp4_plate_measurement_demonstrator/build/ur5_scan_path_service': CMAKE_PREFIX_PATH=${CMAKE_PREFIX_PATH}:/opt/ros/foxy /usr/bin/cmake --build /home/ros_ws/src/wp4_plate_measurement_demonstrator/build/ur5_scan_path_service -- -j12 -l12
[0.043s] -- Found ament_cmake: 0.9.11 (/opt/ros/foxy/share/ament_cmake/cmake)
[0.061s] -- Using PYTHON_EXECUTABLE: /usr/bin/python3
[0.192s] -- Override CMake install command with custom implementation using symlinks instead of copying resources
[0.198s] -- Found std_srvs: 2.0.5 (/opt/ros/foxy/share/std_srvs/cmake)
[0.215s] -- Using all available rosidl_typesupport_c: rosidl_typesupport_fastrtps_c;rosidl_typesupport_introspection_c
[0.217s] -- Found rosidl_adapter: 1.3.0 (/opt/ros/foxy/share/rosidl_adapter/cmake)
[0.322s] -- Using all available rosidl_typesupport_cpp: rosidl_typesupport_fastrtps_cpp;rosidl_typesupport_introspection_cpp
[0.343s] -- Found geometry_msgs: 2.0.5 (/opt/ros/foxy/share/geometry_msgs/cmake)
[0.401s] -- Found control_msgs: 2.5.1 (/opt/ros/foxy/share/control_msgs/cmake)
[0.707s] -- Found rclcpp: 2.4.2 (/opt/ros/foxy/share/rclcpp/cmake)
[0.738s] -- Found rmw_implementation_cmake: 1.0.3 (/opt/ros/foxy/share/rmw_implementation_cmake/cmake)
[0.739s] -- Using RMW implementation 'rmw_fastrtps_cpp' as default
[0.850s] -- Found ur_bringup: 2.0.2 (/opt/ros/foxy/share/ur_bringup/cmake)
[0.851s] -- Found moveit_core: 2.2.3 (/opt/ros/foxy/share/moveit_core/cmake)
[0.864s] -- Found Boost: /usr/lib/x86_64-linux-gnu/cmake/Boost-1.71.0/BoostConfig.cmake (found version "1.71.0") found components: chrono date_time filesystem iostreams program_options regex serialization system thread 
[0.878s] -- Found Boost: /usr/lib/x86_64-linux-gnu/cmake/Boost-1.71.0/BoostConfig.cmake (found version "1.71.0") found components: filesystem 
[0.911s] -- library: /usr/lib/x86_64-linux-gnu/libcurl.so
[2.492s] -- Found moveit_servo: 2.2.3 (/opt/ros/foxy/share/moveit_servo/cmake)
[2.708s] -- Found Boost: /usr/lib/x86_64-linux-gnu/cmake/Boost-1.71.0/BoostConfig.cmake (found version "1.71.0") found components: system filesystem date_time program_options thread chrono 
[2.942s] -- Found Boost: /usr/lib/x86_64-linux-gnu/cmake/Boost-1.71.0/BoostConfig.cmake (found version "1.71.0") found components: thread 
[3.550s] -- Found moveit_ros_planning_interface: 2.2.3 (/opt/ros/foxy/share/moveit_ros_planning_interface/cmake)
[3.553s] -- Found Boost: /usr/lib/x86_64-linux-gnu/cmake/Boost-1.71.0/BoostConfig.cmake (found version "1.71.0")  
[3.557s] -- Found Boost: /usr/lib/x86_64-linux-gnu/cmake/Boost-1.71.0/BoostConfig.cmake (found version "1.71.0") found components: date_time filesystem program_options system thread 
[3.876s] -- Found Boost: /usr/lib/x86_64-linux-gnu/cmake/Boost-1.71.0/BoostConfig.cmake (found version "1.71.0") found components: thread system filesystem regex date_time program_options 
[4.197s] -- Found Boost: /usr/lib/x86_64-linux-gnu/cmake/Boost-1.71.0/BoostConfig.cmake (found version "1.71.0") found components: system filesystem date_time program_options thread 
[4.748s] CMake Error at CMakeLists.txt:39 (target_compile_features):
[4.748s]   Cannot specify compile features for target
[4.748s]   "ur5_scanservo_keyboard_input_path_service" which is not built by this
[4.749s]   project.
[4.749s] 
[4.749s] 
[4.749s] -- Found ament_lint_auto: 0.9.7 (/opt/ros/foxy/share/ament_lint_auto/cmake)
[4.807s] -- Added test 'cppcheck' to perform static code analysis on C / C++ code
[4.808s] -- Configured cppcheck include dirs: $<BUILD_INTERFACE:/home/ros_ws/src/wp4_plate_measurement_demonstrator/src/ur5_scan_path_service/include>
[4.808s] -- Configured cppcheck exclude dirs and/or files: 
[4.808s] -- Added test 'flake8' to check Python code syntax and style conventions
[4.810s] -- Added test 'lint_cmake' to check CMake code style
[4.812s] -- Added test 'pep257' to check Python code against some of the style conventions in PEP 257
[4.817s] -- Added test 'uncrustify' to check C / C++ code style
[4.817s] -- Configured uncrustify additional arguments: 
[4.818s] -- Added test 'xmllint' to check XML markup files
[4.822s] -- Configuring incomplete, errors occurred!
[4.822s] See also "/home/ros_ws/src/wp4_plate_measurement_demonstrator/build/ur5_scan_path_service/CMakeFiles/CMakeOutput.log".
[4.822s] See also "/home/ros_ws/src/wp4_plate_measurement_demonstrator/build/ur5_scan_path_service/CMakeFiles/CMakeError.log".
[4.830s] make: *** [Makefile:310: cmake_check_build_system] Error 1
[4.831s] Invoked command in '/home/ros_ws/src/wp4_plate_measurement_demonstrator/build/ur5_scan_path_service' returned '2': CMAKE_PREFIX_PATH=${CMAKE_PREFIX_PATH}:/opt/ros/foxy /usr/bin/cmake --build /home/ros_ws/src/wp4_plate_measurement_demonstrator/build/ur5_scan_path_service -- -j12 -l12
