[0.017s] Invoking command in '/home/ros_ws/src/wp4_plate_measurement_demonstrator/build/ur5_scan_path_service': CMAKE_PREFIX_PATH=${CMAKE_PREFIX_PATH}:/opt/ros/foxy /usr/bin/cmake --build /home/ros_ws/src/wp4_plate_measurement_demonstrator/build/ur5_scan_path_service -- -j12 -l12
[0.071s] [ 50%] Built target servo_keyboard_input
[0.087s] [100%] Built target ur5_scan_path_service
[0.096s] Invoked command in '/home/ros_ws/src/wp4_plate_measurement_demonstrator/build/ur5_scan_path_service' returned '0': CMAKE_PREFIX_PATH=${CMAKE_PREFIX_PATH}:/opt/ros/foxy /usr/bin/cmake --build /home/ros_ws/src/wp4_plate_measurement_demonstrator/build/ur5_scan_path_service -- -j12 -l12
[0.125s] Invoking command in '/home/ros_ws/src/wp4_plate_measurement_demonstrator/build/ur5_scan_path_service': CMAKE_PREFIX_PATH=${CMAKE_PREFIX_PATH}:/opt/ros/foxy /usr/bin/cmake --install /home/ros_ws/src/wp4_plate_measurement_demonstrator/build/ur5_scan_path_service
[0.132s] -- Install configuration: ""
[0.132s] -- Execute custom install script
[0.132s] -- Up-to-date symlink: /home/ros_ws/src/wp4_plate_measurement_demonstrator/install/ur5_scan_path_service/lib/ur5_scan_path_service/ur5_scan_path_service
[0.133s] -- Up-to-date symlink: /home/ros_ws/src/wp4_plate_measurement_demonstrator/install/ur5_scan_path_service/lib/ur5_scan_path_service/servo_keyboard_input
[0.133s] -- Up-to-date symlink: /home/ros_ws/src/wp4_plate_measurement_demonstrator/install/ur5_scan_path_service/share/ur5_scan_path_service/config/moveit_servo.yaml
[0.134s] -- Up-to-date symlink: /home/ros_ws/src/wp4_plate_measurement_demonstrator/install/ur5_scan_path_service/share/ur5_scan_path_service/config/ur5.srdf
[0.134s] -- Up-to-date symlink: /home/ros_ws/src/wp4_plate_measurement_demonstrator/install/ur5_scan_path_service/share/ur5_scan_path_service/config/ur5.urdf
[0.134s] -- Up-to-date symlink: /home/ros_ws/src/wp4_plate_measurement_demonstrator/install/ur5_scan_path_service/share/ur5_scan_path_service/config/ur5_controllers.yaml
[0.134s] -- Up-to-date symlink: /home/ros_ws/src/wp4_plate_measurement_demonstrator/install/ur5_scan_path_service/share/ur5_scan_path_service/launch/sim_scan_service.launch.py
[0.134s] -- Up-to-date symlink: /home/ros_ws/src/wp4_plate_measurement_demonstrator/install/ur5_scan_path_service/share/ur5_scan_path_service/launch/test_scan_service.launch.py
[0.135s] -- Up-to-date symlink: /home/ros_ws/src/wp4_plate_measurement_demonstrator/install/ur5_scan_path_service/share/ament_index/resource_index/package_run_dependencies/ur5_scan_path_service
[0.135s] -- Up-to-date symlink: /home/ros_ws/src/wp4_plate_measurement_demonstrator/install/ur5_scan_path_service/share/ament_index/resource_index/parent_prefix_path/ur5_scan_path_service
[0.135s] -- Up-to-date symlink: /home/ros_ws/src/wp4_plate_measurement_demonstrator/install/ur5_scan_path_service/share/ur5_scan_path_service/environment/ament_prefix_path.sh
[0.135s] -- Up-to-date symlink: /home/ros_ws/src/wp4_plate_measurement_demonstrator/install/ur5_scan_path_service/share/ur5_scan_path_service/environment/ament_prefix_path.dsv
[0.136s] -- Up-to-date symlink: /home/ros_ws/src/wp4_plate_measurement_demonstrator/install/ur5_scan_path_service/share/ur5_scan_path_service/environment/path.sh
[0.136s] -- Up-to-date symlink: /home/ros_ws/src/wp4_plate_measurement_demonstrator/install/ur5_scan_path_service/share/ur5_scan_path_service/environment/path.dsv
[0.136s] -- Up-to-date symlink: /home/ros_ws/src/wp4_plate_measurement_demonstrator/install/ur5_scan_path_service/share/ur5_scan_path_service/local_setup.bash
[0.136s] -- Up-to-date symlink: /home/ros_ws/src/wp4_plate_measurement_demonstrator/install/ur5_scan_path_service/share/ur5_scan_path_service/local_setup.sh
[0.137s] -- Up-to-date symlink: /home/ros_ws/src/wp4_plate_measurement_demonstrator/install/ur5_scan_path_service/share/ur5_scan_path_service/local_setup.zsh
[0.137s] -- Up-to-date symlink: /home/ros_ws/src/wp4_plate_measurement_demonstrator/install/ur5_scan_path_service/share/ur5_scan_path_service/local_setup.dsv
[0.137s] -- Symlinking: /home/ros_ws/src/wp4_plate_measurement_demonstrator/install/ur5_scan_path_service/share/ur5_scan_path_service/package.dsv
[0.144s] -- Up-to-date symlink: /home/ros_ws/src/wp4_plate_measurement_demonstrator/install/ur5_scan_path_service/share/ament_index/resource_index/packages/ur5_scan_path_service
[0.144s] -- Up-to-date symlink: /home/ros_ws/src/wp4_plate_measurement_demonstrator/install/ur5_scan_path_service/share/ur5_scan_path_service/cmake/ur5_scan_path_serviceConfig.cmake
[0.144s] -- Up-to-date symlink: /home/ros_ws/src/wp4_plate_measurement_demonstrator/install/ur5_scan_path_service/share/ur5_scan_path_service/cmake/ur5_scan_path_serviceConfig-version.cmake
[0.144s] -- Up-to-date symlink: /home/ros_ws/src/wp4_plate_measurement_demonstrator/install/ur5_scan_path_service/share/ur5_scan_path_service/package.xml
[0.146s] Invoked command in '/home/ros_ws/src/wp4_plate_measurement_demonstrator/build/ur5_scan_path_service' returned '0': CMAKE_PREFIX_PATH=${CMAKE_PREFIX_PATH}:/opt/ros/foxy /usr/bin/cmake --install /home/ros_ws/src/wp4_plate_measurement_demonstrator/build/ur5_scan_path_service
