[0.254s] DEBUG:colcon:Command line arguments: ['/usr/bin/colcon', 'build']
[0.254s] DEBUG:colcon:Parsed command line arguments: Namespace(ament_cmake_args=None, base_paths=['.'], build_base='build', catkin_cmake_args=None, catkin_skip_building_tests=False, cmake_args=None, cmake_clean_cache=False, cmake_clean_first=False, cmake_force_configure=False, cmake_target=None, cmake_target_skip_unavailable=False, continue_on_error=False, event_handlers=None, executor='parallel', ignore_user_meta=False, install_base='install', log_base=None, log_level=None, main=<bound method BuildVerb.main of <colcon_core.verb.build.BuildVerb object at 0x7fd507d120d0>>, merge_install=False, metas=['./colcon.meta'], mixin=None, mixin_files=None, mixin_verb=('build',), packages_above=None, packages_above_and_dependencies=None, packages_above_depth=None, packages_end=None, packages_ignore=None, packages_ignore_regex=None, packages_select=None, packages_select_build_failed=False, packages_select_by_dep=None, packages_select_regex=None, packages_select_test_failures=False, packages_skip=None, packages_skip_build_finished=False, packages_skip_by_dep=None, packages_skip_regex=None, packages_skip_test_passed=False, packages_skip_up_to=None, packages_start=None, packages_up_to=None, packages_up_to_regex=None, parallel_workers=12, paths=None, symlink_install=False, test_result_base=None, verb_extension=<colcon_core.verb.build.BuildVerb object at 0x7fd507d120d0>, verb_name='build', verb_parser=<colcon_mixin.mixin.mixin_argument.MixinArgumentDecorator object at 0x7fd507d12730>)
[0.277s] Level 1:colcon.colcon_core.package_discovery:discover_packages(colcon_meta) check parameters
[0.278s] INFO:colcon.colcon_metadata.package_discovery.colcon_meta:Using configuration from '/root/.colcon/metadata/default/Gazebo.meta'
[0.278s] INFO:colcon.colcon_metadata.package_discovery.colcon_meta:Using configuration from '/root/.colcon/metadata/default/fastrtps.meta'
[0.278s] Level 1:colcon.colcon_core.package_discovery:discover_packages(recursive) check parameters
[0.278s] Level 1:colcon.colcon_core.package_discovery:discover_packages(ignore) check parameters
[0.278s] Level 1:colcon.colcon_core.package_discovery:discover_packages(path) check parameters
[0.278s] Level 1:colcon.colcon_core.package_discovery:discover_packages(colcon_meta) discover
[0.278s] Level 1:colcon.colcon_core.package_discovery:discover_packages(recursive) discover
[0.278s] INFO:colcon.colcon_core.package_discovery:Crawling recursively for packages in '/home/ros_ws/src/wp4_plate_measurement_demonstrator'
[0.279s] Level 1:colcon.colcon_core.package_identification:_identify(.) by extensions ['ignore', 'ignore_ament_install']
[0.279s] Level 1:colcon.colcon_core.package_identification:_identify(.) by extension 'ignore'
[0.279s] Level 1:colcon.colcon_core.package_identification:_identify(.) by extension 'ignore_ament_install'
[0.279s] Level 1:colcon.colcon_core.package_identification:_identify(.) by extensions ['colcon_pkg']
[0.279s] Level 1:colcon.colcon_core.package_identification:_identify(.) by extension 'colcon_pkg'
[0.279s] Level 1:colcon.colcon_core.package_identification:_identify(.) by extensions ['colcon_meta']
[0.279s] Level 1:colcon.colcon_core.package_identification:_identify(.) by extension 'colcon_meta'
[0.279s] Level 1:colcon.colcon_core.package_identification:_identify(.) by extensions ['ros']
[0.279s] Level 1:colcon.colcon_core.package_identification:_identify(.) by extension 'ros'
[0.294s] Level 1:colcon.colcon_core.package_identification:_identify(.) by extensions ['cmake', 'python']
[0.294s] Level 1:colcon.colcon_core.package_identification:_identify(.) by extension 'cmake'
[0.294s] Level 1:colcon.colcon_core.package_identification:_identify(.) by extension 'python'
[0.294s] Level 1:colcon.colcon_core.package_identification:_identify(.) by extensions ['python_setup_py']
[0.294s] Level 1:colcon.colcon_core.package_identification:_identify(.) by extension 'python_setup_py'
[0.294s] Level 1:colcon.colcon_core.package_identification:_identify(build) by extensions ['ignore', 'ignore_ament_install']
[0.295s] Level 1:colcon.colcon_core.package_identification:_identify(build) by extension 'ignore'
[0.295s] Level 1:colcon.colcon_core.package_identification:_identify(build) ignored
[0.295s] Level 1:colcon.colcon_core.package_identification:_identify(install) by extensions ['ignore', 'ignore_ament_install']
[0.295s] Level 1:colcon.colcon_core.package_identification:_identify(install) by extension 'ignore'
[0.295s] Level 1:colcon.colcon_core.package_identification:_identify(install) ignored
[0.295s] Level 1:colcon.colcon_core.package_identification:_identify(log) by extensions ['ignore', 'ignore_ament_install']
[0.295s] Level 1:colcon.colcon_core.package_identification:_identify(log) by extension 'ignore'
[0.296s] Level 1:colcon.colcon_core.package_identification:_identify(log) ignored
[0.296s] Level 1:colcon.colcon_core.package_identification:_identify(src) by extensions ['ignore', 'ignore_ament_install']
[0.296s] Level 1:colcon.colcon_core.package_identification:_identify(src) by extension 'ignore'
[0.296s] Level 1:colcon.colcon_core.package_identification:_identify(src) by extension 'ignore_ament_install'
[0.296s] Level 1:colcon.colcon_core.package_identification:_identify(src) by extensions ['colcon_pkg']
[0.296s] Level 1:colcon.colcon_core.package_identification:_identify(src) by extension 'colcon_pkg'
[0.296s] Level 1:colcon.colcon_core.package_identification:_identify(src) by extensions ['colcon_meta']
[0.296s] Level 1:colcon.colcon_core.package_identification:_identify(src) by extension 'colcon_meta'
[0.296s] Level 1:colcon.colcon_core.package_identification:_identify(src) by extensions ['ros']
[0.296s] Level 1:colcon.colcon_core.package_identification:_identify(src) by extension 'ros'
[0.296s] Level 1:colcon.colcon_core.package_identification:_identify(src) by extensions ['cmake', 'python']
[0.296s] Level 1:colcon.colcon_core.package_identification:_identify(src) by extension 'cmake'
[0.296s] Level 1:colcon.colcon_core.package_identification:_identify(src) by extension 'python'
[0.296s] Level 1:colcon.colcon_core.package_identification:_identify(src) by extensions ['python_setup_py']
[0.297s] Level 1:colcon.colcon_core.package_identification:_identify(src) by extension 'python_setup_py'
[0.297s] Level 1:colcon.colcon_core.package_identification:_identify(src/ur5_scan_path_service) by extensions ['ignore', 'ignore_ament_install']
[0.297s] Level 1:colcon.colcon_core.package_identification:_identify(src/ur5_scan_path_service) by extension 'ignore'
[0.297s] Level 1:colcon.colcon_core.package_identification:_identify(src/ur5_scan_path_service) by extension 'ignore_ament_install'
[0.297s] Level 1:colcon.colcon_core.package_identification:_identify(src/ur5_scan_path_service) by extensions ['colcon_pkg']
[0.297s] Level 1:colcon.colcon_core.package_identification:_identify(src/ur5_scan_path_service) by extension 'colcon_pkg'
[0.297s] Level 1:colcon.colcon_core.package_identification:_identify(src/ur5_scan_path_service) by extensions ['colcon_meta']
[0.297s] Level 1:colcon.colcon_core.package_identification:_identify(src/ur5_scan_path_service) by extension 'colcon_meta'
[0.297s] Level 1:colcon.colcon_core.package_identification:_identify(src/ur5_scan_path_service) by extensions ['ros']
[0.297s] Level 1:colcon.colcon_core.package_identification:_identify(src/ur5_scan_path_service) by extension 'ros'
[0.300s] DEBUG:colcon.colcon_core.package_identification:Package 'src/ur5_scan_path_service' with type 'ros.ament_cmake' and name 'ur5_scan_path_service'
[0.300s] Level 1:colcon.colcon_core.package_discovery:discover_packages(recursive) using defaults
[0.300s] Level 1:colcon.colcon_core.package_discovery:discover_packages(ignore) discover
[0.300s] Level 1:colcon.colcon_core.package_discovery:discover_packages(ignore) using defaults
[0.300s] Level 1:colcon.colcon_core.package_discovery:discover_packages(path) discover
[0.300s] Level 1:colcon.colcon_core.package_discovery:discover_packages(path) using defaults
[0.316s] Level 5:colcon.colcon_core.verb:set package 'ur5_scan_path_service' build argument 'cmake_args' from command line to 'None'
[0.316s] Level 5:colcon.colcon_core.verb:set package 'ur5_scan_path_service' build argument 'cmake_target' from command line to 'None'
[0.316s] Level 5:colcon.colcon_core.verb:set package 'ur5_scan_path_service' build argument 'cmake_target_skip_unavailable' from command line to 'False'
[0.316s] Level 5:colcon.colcon_core.verb:set package 'ur5_scan_path_service' build argument 'cmake_clean_cache' from command line to 'False'
[0.316s] Level 5:colcon.colcon_core.verb:set package 'ur5_scan_path_service' build argument 'cmake_clean_first' from command line to 'False'
[0.316s] Level 5:colcon.colcon_core.verb:set package 'ur5_scan_path_service' build argument 'cmake_force_configure' from command line to 'False'
[0.316s] Level 5:colcon.colcon_core.verb:set package 'ur5_scan_path_service' build argument 'ament_cmake_args' from command line to 'None'
[0.316s] Level 5:colcon.colcon_core.verb:set package 'ur5_scan_path_service' build argument 'catkin_cmake_args' from command line to 'None'
[0.316s] Level 5:colcon.colcon_core.verb:set package 'ur5_scan_path_service' build argument 'catkin_skip_building_tests' from command line to 'False'
[0.316s] DEBUG:colcon.colcon_core.verb:Building package 'ur5_scan_path_service' with the following arguments: {'ament_cmake_args': None, 'build_base': '/home/ros_ws/src/wp4_plate_measurement_demonstrator/build/ur5_scan_path_service', 'catkin_cmake_args': None, 'catkin_skip_building_tests': False, 'cmake_args': None, 'cmake_clean_cache': False, 'cmake_clean_first': False, 'cmake_force_configure': False, 'cmake_target': None, 'cmake_target_skip_unavailable': False, 'install_base': '/home/ros_ws/src/wp4_plate_measurement_demonstrator/install/ur5_scan_path_service', 'merge_install': False, 'path': '/home/ros_ws/src/wp4_plate_measurement_demonstrator/src/ur5_scan_path_service', 'symlink_install': False, 'test_result_base': None}
[0.317s] INFO:colcon.colcon_core.executor:Executing jobs using 'parallel' executor
[0.320s] DEBUG:colcon.colcon_parallel_executor.executor.parallel:run_until_complete
[0.321s] INFO:colcon.colcon_ros.task.ament_cmake.build:Building ROS package in '/home/ros_ws/src/wp4_plate_measurement_demonstrator/src/ur5_scan_path_service' with build type 'ament_cmake'
[0.321s] INFO:colcon.colcon_cmake.task.cmake.build:Building CMake package in '/home/ros_ws/src/wp4_plate_measurement_demonstrator/src/ur5_scan_path_service'
[0.326s] INFO:colcon.colcon_core.plugin_system:Skipping extension 'colcon_core.shell.bat': Not used on non-Windows systems
[0.326s] INFO:colcon.colcon_core.shell:Skip shell extension 'powershell' for command environment: Not usable outside of PowerShell
[0.327s] DEBUG:colcon.colcon_core.shell:Skip shell extension 'dsv' for command environment
[0.352s] DEBUG:colcon.colcon_core.event_handler.log_command:Invoking command in '/home/ros_ws/src/wp4_plate_measurement_demonstrator/build/ur5_scan_path_service': CMAKE_PREFIX_PATH=${CMAKE_PREFIX_PATH}:/opt/ros/foxy /usr/bin/cmake --build /home/ros_ws/src/wp4_plate_measurement_demonstrator/build/ur5_scan_path_service -- -j12 -l12
[9.050s] DEBUG:colcon.colcon_core.event_handler.log_command:Invoked command in '/home/ros_ws/src/wp4_plate_measurement_demonstrator/build/ur5_scan_path_service' returned '0': CMAKE_PREFIX_PATH=${CMAKE_PREFIX_PATH}:/opt/ros/foxy /usr/bin/cmake --build /home/ros_ws/src/wp4_plate_measurement_demonstrator/build/ur5_scan_path_service -- -j12 -l12
[9.142s] DEBUG:colcon.colcon_core.event_handler.log_command:Invoking command in '/home/ros_ws/src/wp4_plate_measurement_demonstrator/build/ur5_scan_path_service': CMAKE_PREFIX_PATH=${CMAKE_PREFIX_PATH}:/opt/ros/foxy /usr/bin/cmake --install /home/ros_ws/src/wp4_plate_measurement_demonstrator/build/ur5_scan_path_service
[9.177s] Level 1:colcon.colcon_core.environment:create_environment_scripts_only(ur5_scan_path_service)
[9.179s] DEBUG:colcon.colcon_core.event_handler.log_command:Invoked command in '/home/ros_ws/src/wp4_plate_measurement_demonstrator/build/ur5_scan_path_service' returned '0': CMAKE_PREFIX_PATH=${CMAKE_PREFIX_PATH}:/opt/ros/foxy /usr/bin/cmake --install /home/ros_ws/src/wp4_plate_measurement_demonstrator/build/ur5_scan_path_service
[9.183s] Level 1:colcon.colcon_core.environment:checking '/home/ros_ws/src/wp4_plate_measurement_demonstrator/install/ur5_scan_path_service' for CMake module files
[9.183s] Level 1:colcon.colcon_core.environment:checking '/home/ros_ws/src/wp4_plate_measurement_demonstrator/install/ur5_scan_path_service' for CMake config files
[9.184s] Level 1:colcon.colcon_core.shell:create_environment_hook('ur5_scan_path_service', 'cmake_prefix_path')
[9.185s] INFO:colcon.colcon_core.shell:Creating environment hook '/home/ros_ws/src/wp4_plate_measurement_demonstrator/install/ur5_scan_path_service/share/ur5_scan_path_service/hook/cmake_prefix_path.ps1'
[9.186s] INFO:colcon.colcon_core.shell:Creating environment descriptor '/home/ros_ws/src/wp4_plate_measurement_demonstrator/install/ur5_scan_path_service/share/ur5_scan_path_service/hook/cmake_prefix_path.dsv'
[9.186s] INFO:colcon.colcon_core.shell:Creating environment hook '/home/ros_ws/src/wp4_plate_measurement_demonstrator/install/ur5_scan_path_service/share/ur5_scan_path_service/hook/cmake_prefix_path.sh'
[9.187s] Level 1:colcon.colcon_core.environment:checking '/home/ros_ws/src/wp4_plate_measurement_demonstrator/install/ur5_scan_path_service/lib'
[9.187s] Level 1:colcon.colcon_core.environment:checking '/home/ros_ws/src/wp4_plate_measurement_demonstrator/install/ur5_scan_path_service/bin'
[9.187s] Level 1:colcon.colcon_core.environment:checking '/home/ros_ws/src/wp4_plate_measurement_demonstrator/install/ur5_scan_path_service/lib/pkgconfig/ur5_scan_path_service.pc'
[9.188s] Level 1:colcon.colcon_core.environment:checking '/home/ros_ws/src/wp4_plate_measurement_demonstrator/install/ur5_scan_path_service/lib/python3.8/site-packages'
[9.189s] Level 1:colcon.colcon_core.environment:checking '/home/ros_ws/src/wp4_plate_measurement_demonstrator/install/ur5_scan_path_service/bin'
[9.190s] INFO:colcon.colcon_core.shell:Creating package script '/home/ros_ws/src/wp4_plate_measurement_demonstrator/install/ur5_scan_path_service/share/ur5_scan_path_service/package.ps1'
[9.191s] INFO:colcon.colcon_core.shell:Creating package descriptor '/home/ros_ws/src/wp4_plate_measurement_demonstrator/install/ur5_scan_path_service/share/ur5_scan_path_service/package.dsv'
[9.191s] INFO:colcon.colcon_core.shell:Creating package script '/home/ros_ws/src/wp4_plate_measurement_demonstrator/install/ur5_scan_path_service/share/ur5_scan_path_service/package.sh'
[9.192s] INFO:colcon.colcon_core.shell:Creating package script '/home/ros_ws/src/wp4_plate_measurement_demonstrator/install/ur5_scan_path_service/share/ur5_scan_path_service/package.bash'
[9.193s] INFO:colcon.colcon_core.shell:Creating package script '/home/ros_ws/src/wp4_plate_measurement_demonstrator/install/ur5_scan_path_service/share/ur5_scan_path_service/package.zsh'
[9.193s] Level 1:colcon.colcon_core.environment:create_file_with_runtime_dependencies(/home/ros_ws/src/wp4_plate_measurement_demonstrator/install/ur5_scan_path_service/share/colcon-core/packages/ur5_scan_path_service)
[9.211s] Level 1:colcon.colcon_core.environment:create_environment_scripts_only(ur5_scan_path_service)
[9.213s] Level 1:colcon.colcon_core.environment:checking '/home/ros_ws/src/wp4_plate_measurement_demonstrator/install/ur5_scan_path_service' for CMake module files
[9.214s] Level 1:colcon.colcon_core.environment:checking '/home/ros_ws/src/wp4_plate_measurement_demonstrator/install/ur5_scan_path_service' for CMake config files
[9.214s] Level 1:colcon.colcon_core.shell:create_environment_hook('ur5_scan_path_service', 'cmake_prefix_path')
[9.215s] INFO:colcon.colcon_core.shell:Creating environment hook '/home/ros_ws/src/wp4_plate_measurement_demonstrator/install/ur5_scan_path_service/share/ur5_scan_path_service/hook/cmake_prefix_path.ps1'
[9.216s] INFO:colcon.colcon_core.shell:Creating environment descriptor '/home/ros_ws/src/wp4_plate_measurement_demonstrator/install/ur5_scan_path_service/share/ur5_scan_path_service/hook/cmake_prefix_path.dsv'
[9.216s] INFO:colcon.colcon_core.shell:Creating environment hook '/home/ros_ws/src/wp4_plate_measurement_demonstrator/install/ur5_scan_path_service/share/ur5_scan_path_service/hook/cmake_prefix_path.sh'
[9.217s] Level 1:colcon.colcon_core.environment:checking '/home/ros_ws/src/wp4_plate_measurement_demonstrator/install/ur5_scan_path_service/lib'
[9.217s] Level 1:colcon.colcon_core.environment:checking '/home/ros_ws/src/wp4_plate_measurement_demonstrator/install/ur5_scan_path_service/bin'
[9.217s] Level 1:colcon.colcon_core.environment:checking '/home/ros_ws/src/wp4_plate_measurement_demonstrator/install/ur5_scan_path_service/lib/pkgconfig/ur5_scan_path_service.pc'
[9.217s] Level 1:colcon.colcon_core.environment:checking '/home/ros_ws/src/wp4_plate_measurement_demonstrator/install/ur5_scan_path_service/lib/python3.8/site-packages'
[9.218s] Level 1:colcon.colcon_core.environment:checking '/home/ros_ws/src/wp4_plate_measurement_demonstrator/install/ur5_scan_path_service/bin'
[9.219s] INFO:colcon.colcon_core.shell:Creating package script '/home/ros_ws/src/wp4_plate_measurement_demonstrator/install/ur5_scan_path_service/share/ur5_scan_path_service/package.ps1'
[9.219s] INFO:colcon.colcon_core.shell:Creating package descriptor '/home/ros_ws/src/wp4_plate_measurement_demonstrator/install/ur5_scan_path_service/share/ur5_scan_path_service/package.dsv'
[9.220s] INFO:colcon.colcon_core.shell:Creating package script '/home/ros_ws/src/wp4_plate_measurement_demonstrator/install/ur5_scan_path_service/share/ur5_scan_path_service/package.sh'
[9.220s] INFO:colcon.colcon_core.shell:Creating package script '/home/ros_ws/src/wp4_plate_measurement_demonstrator/install/ur5_scan_path_service/share/ur5_scan_path_service/package.bash'
[9.221s] INFO:colcon.colcon_core.shell:Creating package script '/home/ros_ws/src/wp4_plate_measurement_demonstrator/install/ur5_scan_path_service/share/ur5_scan_path_service/package.zsh'
[9.221s] Level 1:colcon.colcon_core.environment:create_file_with_runtime_dependencies(/home/ros_ws/src/wp4_plate_measurement_demonstrator/install/ur5_scan_path_service/share/colcon-core/packages/ur5_scan_path_service)
[9.221s] DEBUG:colcon.colcon_parallel_executor.executor.parallel:closing loop
[9.222s] DEBUG:colcon.colcon_parallel_executor.executor.parallel:loop closed
[9.222s] DEBUG:colcon.colcon_parallel_executor.executor.parallel:run_until_complete finished with '0'
[9.222s] DEBUG:colcon.colcon_core.event_reactor:joining thread
[9.226s] INFO:colcon.colcon_core.plugin_system:Skipping extension 'colcon_notification.desktop_notification.notify_send': Could not find 'notify-send'
[9.227s] INFO:colcon.colcon_core.plugin_system:Skipping extension 'colcon_notification.desktop_notification.terminal_notifier': Not used on non-Darwin systems
[9.227s] INFO:colcon.colcon_core.plugin_system:Skipping extension 'colcon_notification.desktop_notification.win32': Not used on non-Windows systems
[9.227s] INFO:colcon.colcon_notification.desktop_notification:Sending desktop notification using 'notify2'
[9.228s] DEBUG:colcon.colcon_notification.desktop_notification.notify2:Failed to initialize notify2: org.freedesktop.DBus.Error.Spawn.ExecFailed: /usr/bin/dbus-launch terminated abnormally without any error message
[9.229s] DEBUG:colcon.colcon_core.event_reactor:joined thread
[9.231s] INFO:colcon.colcon_core.shell:Creating prefix script '/home/ros_ws/src/wp4_plate_measurement_demonstrator/install/local_setup.ps1'
[9.232s] INFO:colcon.colcon_core.shell:Creating prefix util module '/home/ros_ws/src/wp4_plate_measurement_demonstrator/install/_local_setup_util_ps1.py'
[9.233s] INFO:colcon.colcon_core.shell:Creating prefix chain script '/home/ros_ws/src/wp4_plate_measurement_demonstrator/install/setup.ps1'
[9.235s] INFO:colcon.colcon_core.shell:Creating prefix script '/home/ros_ws/src/wp4_plate_measurement_demonstrator/install/local_setup.sh'
[9.235s] INFO:colcon.colcon_core.shell:Creating prefix util module '/home/ros_ws/src/wp4_plate_measurement_demonstrator/install/_local_setup_util_sh.py'
[9.236s] INFO:colcon.colcon_core.shell:Creating prefix chain script '/home/ros_ws/src/wp4_plate_measurement_demonstrator/install/setup.sh'
[9.237s] INFO:colcon.colcon_core.shell:Creating prefix script '/home/ros_ws/src/wp4_plate_measurement_demonstrator/install/local_setup.bash'
[9.237s] INFO:colcon.colcon_core.shell:Creating prefix chain script '/home/ros_ws/src/wp4_plate_measurement_demonstrator/install/setup.bash'
[9.239s] INFO:colcon.colcon_core.shell:Creating prefix script '/home/ros_ws/src/wp4_plate_measurement_demonstrator/install/local_setup.zsh'
[9.239s] INFO:colcon.colcon_core.shell:Creating prefix chain script '/home/ros_ws/src/wp4_plate_measurement_demonstrator/install/setup.zsh'
