[0.016s] Invoking command in '/home/ros_ws/src/wp4_plate_measurement_demonstrator/build/ur5_scan_path_service': CMAKE_PREFIX_PATH=${CMAKE_PREFIX_PATH}:/opt/ros/foxy /usr/bin/cmake --build /home/ros_ws/src/wp4_plate_measurement_demonstrator/build/ur5_scan_path_service -- -j12 -l12
[0.059s] [35m[1mScanning dependencies of target ur5_scan_path_service[0m
[0.070s] [ 50%] Built target servo_keyboard_input
[0.119s] [ 75%] [32mBuilding CXX object CMakeFiles/ur5_scan_path_service.dir/src/ur5_scan_path_service.cpp.o[0m
[8.475s] [100%] [32m[1mLinking CXX executable ur5_scan_path_service[0m
[8.850s] [100%] Built target ur5_scan_path_service
[8.868s] Invoked command in '/home/ros_ws/src/wp4_plate_measurement_demonstrator/build/ur5_scan_path_service' returned '0': CMAKE_PREFIX_PATH=${CMAKE_PREFIX_PATH}:/opt/ros/foxy /usr/bin/cmake --build /home/ros_ws/src/wp4_plate_measurement_demonstrator/build/ur5_scan_path_service -- -j12 -l12
[8.892s] Invoking command in '/home/ros_ws/src/wp4_plate_measurement_demonstrator/build/ur5_scan_path_service': CMAKE_PREFIX_PATH=${CMAKE_PREFIX_PATH}:/opt/ros/foxy /usr/bin/cmake --install /home/ros_ws/src/wp4_plate_measurement_demonstrator/build/ur5_scan_path_service
[8.898s] -- Install configuration: ""
[8.898s] -- Execute custom install script
[8.899s] -- Up-to-date symlink: /home/ros_ws/src/wp4_plate_measurement_demonstrator/install/ur5_scan_path_service/lib/ur5_scan_path_service/ur5_scan_path_service
[8.899s] -- Up-to-date symlink: /home/ros_ws/src/wp4_plate_measurement_demonstrator/install/ur5_scan_path_service/lib/ur5_scan_path_service/servo_keyboard_input
[8.899s] -- Up-to-date symlink: /home/ros_ws/src/wp4_plate_measurement_demonstrator/install/ur5_scan_path_service/share/ur5_scan_path_service/config/moveit_servo.yaml
[8.900s] -- Up-to-date symlink: /home/ros_ws/src/wp4_plate_measurement_demonstrator/install/ur5_scan_path_service/share/ur5_scan_path_service/config/ur5.srdf
[8.900s] -- Up-to-date symlink: /home/ros_ws/src/wp4_plate_measurement_demonstrator/install/ur5_scan_path_service/share/ur5_scan_path_service/config/ur5.urdf
[8.900s] -- Up-to-date symlink: /home/ros_ws/src/wp4_plate_measurement_demonstrator/install/ur5_scan_path_service/share/ur5_scan_path_service/config/ur5_controllers.yaml
[8.900s] -- Up-to-date symlink: /home/ros_ws/src/wp4_plate_measurement_demonstrator/install/ur5_scan_path_service/share/ur5_scan_path_service/launch/sim_scan_service.launch.py
[8.900s] -- Up-to-date symlink: /home/ros_ws/src/wp4_plate_measurement_demonstrator/install/ur5_scan_path_service/share/ur5_scan_path_service/launch/test_scan_service.launch.py
[8.901s] -- Up-to-date symlink: /home/ros_ws/src/wp4_plate_measurement_demonstrator/install/ur5_scan_path_service/share/ament_index/resource_index/package_run_dependencies/ur5_scan_path_service
[8.901s] -- Up-to-date symlink: /home/ros_ws/src/wp4_plate_measurement_demonstrator/install/ur5_scan_path_service/share/ament_index/resource_index/parent_prefix_path/ur5_scan_path_service
[8.901s] -- Up-to-date symlink: /home/ros_ws/src/wp4_plate_measurement_demonstrator/install/ur5_scan_path_service/share/ur5_scan_path_service/environment/ament_prefix_path.sh
[8.902s] -- Up-to-date symlink: /home/ros_ws/src/wp4_plate_measurement_demonstrator/install/ur5_scan_path_service/share/ur5_scan_path_service/environment/ament_prefix_path.dsv
[8.902s] -- Up-to-date symlink: /home/ros_ws/src/wp4_plate_measurement_demonstrator/install/ur5_scan_path_service/share/ur5_scan_path_service/environment/path.sh
[8.902s] -- Up-to-date symlink: /home/ros_ws/src/wp4_plate_measurement_demonstrator/install/ur5_scan_path_service/share/ur5_scan_path_service/environment/path.dsv
[8.902s] -- Up-to-date symlink: /home/ros_ws/src/wp4_plate_measurement_demonstrator/install/ur5_scan_path_service/share/ur5_scan_path_service/local_setup.bash
[8.903s] -- Up-to-date symlink: /home/ros_ws/src/wp4_plate_measurement_demonstrator/install/ur5_scan_path_service/share/ur5_scan_path_service/local_setup.sh
[8.903s] -- Up-to-date symlink: /home/ros_ws/src/wp4_plate_measurement_demonstrator/install/ur5_scan_path_service/share/ur5_scan_path_service/local_setup.zsh
[8.903s] -- Up-to-date symlink: /home/ros_ws/src/wp4_plate_measurement_demonstrator/install/ur5_scan_path_service/share/ur5_scan_path_service/local_setup.dsv
[8.903s] -- Symlinking: /home/ros_ws/src/wp4_plate_measurement_demonstrator/install/ur5_scan_path_service/share/ur5_scan_path_service/package.dsv
[8.910s] -- Up-to-date symlink: /home/ros_ws/src/wp4_plate_measurement_demonstrator/install/ur5_scan_path_service/share/ament_index/resource_index/packages/ur5_scan_path_service
[8.910s] -- Up-to-date symlink: /home/ros_ws/src/wp4_plate_measurement_demonstrator/install/ur5_scan_path_service/share/ur5_scan_path_service/cmake/ur5_scan_path_serviceConfig.cmake
[8.910s] -- Up-to-date symlink: /home/ros_ws/src/wp4_plate_measurement_demonstrator/install/ur5_scan_path_service/share/ur5_scan_path_service/cmake/ur5_scan_path_serviceConfig-version.cmake
[8.911s] -- Up-to-date symlink: /home/ros_ws/src/wp4_plate_measurement_demonstrator/install/ur5_scan_path_service/share/ur5_scan_path_service/package.xml
[8.912s] Invoked command in '/home/ros_ws/src/wp4_plate_measurement_demonstrator/build/ur5_scan_path_service' returned '0': CMAKE_PREFIX_PATH=${CMAKE_PREFIX_PATH}:/opt/ros/foxy /usr/bin/cmake --install /home/ros_ws/src/wp4_plate_measurement_demonstrator/build/ur5_scan_path_service
